(base) ubuntu@hereditary:/srv/python-projects/gene_environment_v2$ python -m gene_environment.cli filter-vcf
2026-07-10 07:50:57 [WARNING] [pid=3448654] gene_environment.vcf_pipeline.filter_vcf: EXCLUDE_ID_PREFIXES non configurato: nessun campione verrà escluso per prefisso id. Lo script originale escludeva sempre i campioni con id che iniziano per 'ACH' — se è ancora il comportamento voluto, imposta EXCLUDE_ID_PREFIXES=ACH nel .env.
2026-07-10 07:50:57 [INFO] [pid=3448654] gene_environment.vcf_pipeline.filter_vcf: Generazione 1: 22 VCF trovati in /mnt/cresla_prod/genome_datasets/gen1
2026-07-10 07:50:57 [INFO] [pid=3448654] gene_environment.vcf_pipeline.filter_vcf: Generazione 2: 44 VCF trovati in /mnt/cresla_prod/genome_datasets/gen2
2026-07-10 07:50:57 [INFO] [pid=3448654] gene_environment.vcf_pipeline.filter_vcf: Generazione 3: 44 VCF trovati in /mnt/cresla_prod/genome_datasets/gen3
2026-07-10 07:50:57 [INFO] [pid=3448654] gene_environment.vcf_pipeline.filter_vcf: Filtraggio VCF: 110 file da processare con 16 worker
2026-07-10 07:52:09 [INFO] [pid=3448664] gene_environment.vcf_pipeline.filter_vcf: [gen1_onlycases_vcf_chr21.vcf.gz] filtrato con successo -> /mnt/cresla_prod/genome_datasets/gen1/vcf_filtered/gen1_onlycases_vcf_chr21_filtered.vcf
2026-07-10 07:52:14 [INFO] [pid=3448668] gene_environment.vcf_pipeline.filter_vcf: [gen1_onlycases_vcf_chr22.vcf.gz] filtrato con successo -> /mnt/cresla_prod/genome_datasets/gen1/vcf_filtered/gen1_onlycases_vcf_chr22_filtered.vcf
2026-07-10 07:52:58 [INFO] [pid=3448656] gene_environment.vcf_pipeline.filter_vcf: [gen1_onlycases_vcf_chr20.vcf.gz] filtrato con successo -> /mnt/cresla_prod/genome_datasets/gen1/vcf_filtered/gen1_onlycases_vcf_chr20_filtered.vcf
2026-07-10 07:52:59 [INFO] [pid=3448657] gene_environment.vcf_pipeline.filter_vcf: [gen1_onlycases_vcf_chr19.vcf.gz] filtrato con successo -> /mnt/cresla_prod/genome_datasets/gen1/vcf_filtered/gen1_onlycases_vcf_chr19_filtered.vcf
2026-07-10 07:53:27 [INFO] [pid=3448661] gene_environment.vcf_pipeline.filter_vcf: [gen1_onlycases_vcf_chr18.vcf.gz] filtrato con successo -> /mnt/cresla_prod/genome_datasets/gen1/vcf_filtered/gen1_onlycases_vcf_chr18_filtered.vcf
2026-07-10 07:53:31 [INFO] [pid=3448663] gene_environment.vcf_pipeline.filter_vcf: [gen1_onlycases_vcf_chr17.vcf.gz] filtrato con successo -> /mnt/cresla_prod/genome_datasets/gen1/vcf_filtered/gen1_onlycases_vcf_chr17_filtered.vcf
2026-07-10 07:53:36 [INFO] [pid=3448662] gene_environment.vcf_pipeline.filter_vcf: [gen1_onlycases_vcf_chr15.vcf.gz] filtrato con successo -> /mnt/cresla_prod/genome_datasets/gen1/vcf_filtered/gen1_onlycases_vcf_chr15_filtered.vcf
2026-07-10 07:53:57 [INFO] [pid=3448666] gene_environment.vcf_pipeline.filter_vcf: [gen1_onlycases_vcf_chr16.vcf.gz] filtrato con successo -> /mnt/cresla_prod/genome_datasets/gen1/vcf_filtered/gen1_onlycases_vcf_chr16_filtered.vcf
2026-07-10 07:53:58 [INFO] [pid=3448666] gene_environment.vcf_pipeline.filter_vcf: [gen2_vcf_chr4_selected.vcf.gz] filtrato con successo -> /mnt/cresla_prod/genome_datasets/gen2/vcf_filtered/gen2_vcf_chr4_selected_filtered.vcf
2026-07-10 07:53:58 [INFO] [pid=3448666] gene_environment.vcf_pipeline.filter_vcf: [gen2_vcf_chr15_selected.vcf.gz] filtrato con successo -> /mnt/cresla_prod/genome_datasets/gen2/vcf_filtered/gen2_vcf_chr15_selected_filtered.vcf
2026-07-10 07:53:59 [INFO] [pid=3448666] gene_environment.vcf_pipeline.filter_vcf: [gen2_vcf_chr18_selected.vcf.gz] filtrato con successo -> /mnt/cresla_prod/genome_datasets/gen2/vcf_filtered/gen2_vcf_chr18_selected_filtered.vcf
2026-07-10 07:54:25 [INFO] [pid=3448662] gene_environment.vcf_pipeline.filter_vcf: [gen2_vcf_chr18.vcf.gz] filtrato con successo -> /mnt/cresla_prod/genome_datasets/gen2/vcf_filtered/gen2_vcf_chr18_filtered.vcf
2026-07-10 07:54:46 [INFO] [pid=3448670] gene_environment.vcf_pipeline.filter_vcf: [gen1_onlycases_vcf_chr9.vcf.gz] filtrato con successo -> /mnt/cresla_prod/genome_datasets/gen1/vcf_filtered/gen1_onlycases_vcf_chr9_filtered.vcf
2026-07-10 07:54:53 [INFO] [pid=3448664] gene_environment.vcf_pipeline.filter_vcf: [gen1_onlycases_vcf_chr14.vcf.gz] filtrato con successo -> /mnt/cresla_prod/genome_datasets/gen1/vcf_filtered/gen1_onlycases_vcf_chr14_filtered.vcf
2026-07-10 07:54:54 [INFO] [pid=3448664] gene_environment.vcf_pipeline.filter_vcf: [gen2_vcf_chr1_selected.vcf.gz] filtrato con successo -> /mnt/cresla_prod/genome_datasets/gen2/vcf_filtered/gen2_vcf_chr1_selected_filtered.vcf
2026-07-10 07:54:54 [INFO] [pid=3448664] gene_environment.vcf_pipeline.filter_vcf: [gen2_vcf_chr20_selected.vcf.gz] filtrato con successo -> /mnt/cresla_prod/genome_datasets/gen2/vcf_filtered/gen2_vcf_chr20_selected_filtered.vcf
2026-07-10 07:55:02 [INFO] [pid=3448655] gene_environment.vcf_pipeline.filter_vcf: [gen1_onlycases_vcf_chr12.vcf.gz] filtrato con successo -> /mnt/cresla_prod/genome_datasets/gen1/vcf_filtered/gen1_onlycases_vcf_chr12_filtered.vcf
2026-07-10 07:55:02 [INFO] [pid=3448655] gene_environment.vcf_pipeline.filter_vcf: [gen2_vcf_chr5_selected.vcf.gz] filtrato con successo -> /mnt/cresla_prod/genome_datasets/gen2/vcf_filtered/gen2_vcf_chr5_selected_filtered.vcf
2026-07-10 07:55:08 [INFO] [pid=3448660] gene_environment.vcf_pipeline.filter_vcf: [gen1_onlycases_vcf_chr10.vcf.gz] filtrato con successo -> /mnt/cresla_prod/genome_datasets/gen1/vcf_filtered/gen1_onlycases_vcf_chr10_filtered.vcf
2026-07-10 07:55:16 [INFO] [pid=3448658] gene_environment.vcf_pipeline.filter_vcf: [gen1_onlycases_vcf_chr11.vcf.gz] filtrato con successo -> /mnt/cresla_prod/genome_datasets/gen1/vcf_filtered/gen1_onlycases_vcf_chr11_filtered.vcf
2026-07-10 07:55:16 [INFO] [pid=3448664] gene_environment.vcf_pipeline.filter_vcf: [gen2_vcf_chr22.vcf.gz] filtrato con successo -> /mnt/cresla_prod/genome_datasets/gen2/vcf_filtered/gen2_vcf_chr22_filtered.vcf
2026-07-10 07:55:16 [INFO] [pid=3448658] gene_environment.vcf_pipeline.filter_vcf: [gen2_vcf_chr8_selected.vcf.gz] filtrato con successo -> /mnt/cresla_prod/genome_datasets/gen2/vcf_filtered/gen2_vcf_chr8_selected_filtered.vcf
2026-07-10 07:55:21 [INFO] [pid=3448666] gene_environment.vcf_pipeline.filter_vcf: [gen2_vcf_chr4.vcf.gz] filtrato con successo -> /mnt/cresla_prod/genome_datasets/gen2/vcf_filtered/gen2_vcf_chr4_filtered.vcf
2026-07-10 07:55:22 [INFO] [pid=3448666] gene_environment.vcf_pipeline.filter_vcf: [gen2_vcf_chr14_selected.vcf.gz] filtrato con successo -> /mnt/cresla_prod/genome_datasets/gen2/vcf_filtered/gen2_vcf_chr14_selected_filtered.vcf
2026-07-10 07:55:22 [INFO] [pid=3448666] gene_environment.vcf_pipeline.filter_vcf: [gen2_vcf_chr22_selected.vcf.gz] filtrato con successo -> /mnt/cresla_prod/genome_datasets/gen2/vcf_filtered/gen2_vcf_chr22_selected_filtered.vcf
2026-07-10 07:55:23 [INFO] [pid=3448666] gene_environment.vcf_pipeline.filter_vcf: [gen2_vcf_chr6_selected.vcf.gz] filtrato con successo -> /mnt/cresla_prod/genome_datasets/gen2/vcf_filtered/gen2_vcf_chr6_selected_filtered.vcf
2026-07-10 07:55:23 [INFO] [pid=3448666] gene_environment.vcf_pipeline.filter_vcf: [gen2_vcf_chr17_selected.vcf.gz] filtrato con successo -> /mnt/cresla_prod/genome_datasets/gen2/vcf_filtered/gen2_vcf_chr17_selected_filtered.vcf
2026-07-10 07:55:23 [INFO] [pid=3448666] gene_environment.vcf_pipeline.filter_vcf: [gen2_vcf_chr2_selected.vcf.gz] filtrato con successo -> /mnt/cresla_prod/genome_datasets/gen2/vcf_filtered/gen2_vcf_chr2_selected_filtered.vcf
2026-07-10 07:55:27 [INFO] [pid=3448662] gene_environment.vcf_pipeline.filter_vcf: [gen2_vcf_chr9.vcf.gz] filtrato con successo -> /mnt/cresla_prod/genome_datasets/gen2/vcf_filtered/gen2_vcf_chr9_filtered.vcf
2026-07-10 07:55:39 [INFO] [pid=3448664] gene_environment.vcf_pipeline.filter_vcf: [gen2_vcf_chr21.vcf.gz] filtrato con successo -> /mnt/cresla_prod/genome_datasets/gen2/vcf_filtered/gen2_vcf_chr21_filtered.vcf
2026-07-10 07:55:39 [INFO] [pid=3448664] gene_environment.vcf_pipeline.filter_vcf: [gen2_vcf_chr16_selected.vcf.gz] filtrato con successo -> /mnt/cresla_prod/genome_datasets/gen2/vcf_filtered/gen2_vcf_chr16_selected_filtered.vcf
2026-07-10 07:55:43 [INFO] [pid=3448660] gene_environment.vcf_pipeline.filter_vcf: [gen2_vcf_chr14.vcf.gz] filtrato con successo -> /mnt/cresla_prod/genome_datasets/gen2/vcf_filtered/gen2_vcf_chr14_filtered.vcf
2026-07-10 07:55:43 [INFO] [pid=3448669] gene_environment.vcf_pipeline.filter_vcf: [gen1_onlycases_vcf_chr8.vcf.gz] filtrato con successo -> /mnt/cresla_prod/genome_datasets/gen1/vcf_filtered/gen1_onlycases_vcf_chr8_filtered.vcf
2026-07-10 07:55:43 [INFO] [pid=3448660] gene_environment.vcf_pipeline.filter_vcf: [gen2_vcf_chr13_selected.vcf.gz] filtrato con successo -> /mnt/cresla_prod/genome_datasets/gen2/vcf_filtered/gen2_vcf_chr13_selected_filtered.vcf
2026-07-10 07:55:43 [INFO] [pid=3448660] gene_environment.vcf_pipeline.filter_vcf: [gen2_vcf_chr3_selected.vcf.gz] filtrato con successo -> /mnt/cresla_prod/genome_datasets/gen2/vcf_filtered/gen2_vcf_chr3_selected_filtered.vcf
2026-07-10 07:55:47 [INFO] [pid=3448656] gene_environment.vcf_pipeline.filter_vcf: [gen1_onlycases_vcf_chr13.vcf.gz] filtrato con successo -> /mnt/cresla_prod/genome_datasets/gen1/vcf_filtered/gen1_onlycases_vcf_chr13_filtered.vcf
2026-07-10 07:55:47 [INFO] [pid=3448656] gene_environment.vcf_pipeline.filter_vcf: [gen2_vcf_chr11_selected.vcf.gz] filtrato con successo -> /mnt/cresla_prod/genome_datasets/gen2/vcf_filtered/gen2_vcf_chr11_selected_filtered.vcf
2026-07-10 07:55:47 [INFO] [pid=3448656] gene_environment.vcf_pipeline.filter_vcf: [gen2_vcf_chr12_selected.vcf.gz] filtrato con successo -> /mnt/cresla_prod/genome_datasets/gen2/vcf_filtered/gen2_vcf_chr12_selected_filtered.vcf
2026-07-10 07:55:54 [INFO] [pid=3448655] gene_environment.vcf_pipeline.filter_vcf: [gen2_vcf_chr13.vcf.gz] filtrato con successo -> /mnt/cresla_prod/genome_datasets/gen2/vcf_filtered/gen2_vcf_chr13_filtered.vcf
2026-07-10 07:55:55 [INFO] [pid=3448662] gene_environment.vcf_pipeline.filter_vcf: [gen2_vcf_chr19.vcf.gz] filtrato con successo -> /mnt/cresla_prod/genome_datasets/gen2/vcf_filtered/gen2_vcf_chr19_filtered.vcf
2026-07-10 07:55:58 [INFO] [pid=3448670] gene_environment.vcf_pipeline.filter_vcf: [gen2_vcf_chr5.vcf.gz] filtrato con successo -> /mnt/cresla_prod/genome_datasets/gen2/vcf_filtered/gen2_vcf_chr5_filtered.vcf
2026-07-10 07:56:04 [INFO] [pid=3448666] gene_environment.vcf_pipeline.filter_vcf: [gen2_vcf_chr16.vcf.gz] filtrato con successo -> /mnt/cresla_prod/genome_datasets/gen2/vcf_filtered/gen2_vcf_chr16_filtered.vcf
2026-07-10 07:56:05 [INFO] [pid=3448666] gene_environment.vcf_pipeline.filter_vcf: [gen2_vcf_chr21_selected.vcf.gz] filtrato con successo -> /mnt/cresla_prod/genome_datasets/gen2/vcf_filtered/gen2_vcf_chr21_selected_filtered.vcf
2026-07-10 07:56:05 [INFO] [pid=3448666] gene_environment.vcf_pipeline.filter_vcf: [gen2_vcf_chr9_selected.vcf.gz] filtrato con successo -> /mnt/cresla_prod/genome_datasets/gen2/vcf_filtered/gen2_vcf_chr9_selected_filtered.vcf
2026-07-10 07:56:15 [INFO] [pid=3448664] gene_environment.vcf_pipeline.filter_vcf: [gen2_vcf_chr17.vcf.gz] filtrato con successo -> /mnt/cresla_prod/genome_datasets/gen2/vcf_filtered/gen2_vcf_chr17_filtered.vcf
2026-07-10 07:56:16 [INFO] [pid=3448664] gene_environment.vcf_pipeline.filter_vcf: [gen2_vcf_chr10_selected.vcf.gz] filtrato con successo -> /mnt/cresla_prod/genome_datasets/gen2/vcf_filtered/gen2_vcf_chr10_selected_filtered.vcf
2026-07-10 07:56:16 [INFO] [pid=3448664] gene_environment.vcf_pipeline.filter_vcf: [gen2_vcf_chr19_selected.vcf.gz] filtrato con successo -> /mnt/cresla_prod/genome_datasets/gen2/vcf_filtered/gen2_vcf_chr19_selected_filtered.vcf
2026-07-10 07:56:18 [INFO] [pid=3448660] gene_environment.vcf_pipeline.filter_vcf: [gen2_vcf_chr20.vcf.gz] filtrato con successo -> /mnt/cresla_prod/genome_datasets/gen2/vcf_filtered/gen2_vcf_chr20_filtered.vcf
2026-07-10 07:56:27 [INFO] [pid=3448658] gene_environment.vcf_pipeline.filter_vcf: [gen2_vcf_chr7.vcf.gz] filtrato con successo -> /mnt/cresla_prod/genome_datasets/gen2/vcf_filtered/gen2_vcf_chr7_filtered.vcf
2026-07-10 07:56:27 [INFO] [pid=3448658] gene_environment.vcf_pipeline.filter_vcf: [gen2_vcf_chr7_selected.vcf.gz] filtrato con successo -> /mnt/cresla_prod/genome_datasets/gen2/vcf_filtered/gen2_vcf_chr7_selected_filtered.vcf
2026-07-10 07:56:35 [INFO] [pid=3448670] gene_environment.vcf_pipeline.filter_vcf: [gen2_vcf_chr15.vcf.gz] filtrato con successo -> /mnt/cresla_prod/genome_datasets/gen2/vcf_filtered/gen2_vcf_chr15_filtered.vcf
2026-07-10 07:56:46 [INFO] [pid=3448656] gene_environment.vcf_pipeline.filter_vcf: [gen2_vcf_chr8.vcf.gz] filtrato con successo -> /mnt/cresla_prod/genome_datasets/gen2/vcf_filtered/gen2_vcf_chr8_filtered.vcf
2026-07-10 07:56:46 [INFO] [pid=3448656] gene_environment.vcf_pipeline.filter_vcf: [gen3_vcf_chr20_selected.vcf.gz] filtrato con successo -> /mnt/cresla_prod/genome_datasets/gen3/vcf_filtered/gen3_vcf_chr20_selected_filtered.vcf
2026-07-10 07:56:48 [INFO] [pid=3448667] gene_environment.vcf_pipeline.filter_vcf: [gen1_onlycases_vcf_chr3.vcf.gz] filtrato con successo -> /mnt/cresla_prod/genome_datasets/gen1/vcf_filtered/gen1_onlycases_vcf_chr3_filtered.vcf
2026-07-10 07:56:49 [INFO] [pid=3448667] gene_environment.vcf_pipeline.filter_vcf: [gen3_vcf_chr21_selected.vcf.gz] filtrato con successo -> /mnt/cresla_prod/genome_datasets/gen3/vcf_filtered/gen3_vcf_chr21_selected_filtered.vcf
2026-07-10 07:56:50 [INFO] [pid=3448670] gene_environment.vcf_pipeline.filter_vcf: [gen3_vcf_chr6.vcf.gz] filtrato con successo -> /mnt/cresla_prod/genome_datasets/gen3/vcf_filtered/gen3_vcf_chr6_filtered.vcf
2026-07-10 07:56:51 [INFO] [pid=3448656] gene_environment.vcf_pipeline.filter_vcf: [gen3_vcf_chr21.vcf.gz] filtrato con successo -> /mnt/cresla_prod/genome_datasets/gen3/vcf_filtered/gen3_vcf_chr21_filtered.vcf
2026-07-10 07:56:52 [INFO] [pid=3448655] gene_environment.vcf_pipeline.filter_vcf: [gen2_vcf_chr10.vcf.gz] filtrato con successo -> /mnt/cresla_prod/genome_datasets/gen2/vcf_filtered/gen2_vcf_chr10_filtered.vcf
2026-07-10 07:56:53 [INFO] [pid=3448655] gene_environment.vcf_pipeline.filter_vcf: [gen3_vcf_chr19_selected.vcf.gz] filtrato con successo -> /mnt/cresla_prod/genome_datasets/gen3/vcf_filtered/gen3_vcf_chr19_selected_filtered.vcf
2026-07-10 07:56:53 [INFO] [pid=3448668] gene_environment.vcf_pipeline.filter_vcf: [gen1_onlycases_vcf_chr6.vcf.gz] filtrato con successo -> /mnt/cresla_prod/genome_datasets/gen1/vcf_filtered/gen1_onlycases_vcf_chr6_filtered.vcf
2026-07-10 07:56:53 [INFO] [pid=3448668] gene_environment.vcf_pipeline.filter_vcf: [gen3_vcf_chr7_selected.vcf.gz] filtrato con successo -> /mnt/cresla_prod/genome_datasets/gen3/vcf_filtered/gen3_vcf_chr7_selected_filtered.vcf
2026-07-10 07:56:53 [INFO] [pid=3448668] gene_environment.vcf_pipeline.filter_vcf: [gen3_vcf_chr5_selected.vcf.gz] filtrato con successo -> /mnt/cresla_prod/genome_datasets/gen3/vcf_filtered/gen3_vcf_chr5_selected_filtered.vcf
2026-07-10 07:56:53 [INFO] [pid=3448668] gene_environment.vcf_pipeline.filter_vcf: [gen3_vcf_chr16_selected.vcf.gz] filtrato con successo -> /mnt/cresla_prod/genome_datasets/gen3/vcf_filtered/gen3_vcf_chr16_selected_filtered.vcf
2026-07-10 07:56:53 [INFO] [pid=3448668] gene_environment.vcf_pipeline.filter_vcf: [gen3_vcf_chr11_selected.vcf.gz] filtrato con successo -> /mnt/cresla_prod/genome_datasets/gen3/vcf_filtered/gen3_vcf_chr11_selected_filtered.vcf
2026-07-10 07:56:56 [INFO] [pid=3448667] gene_environment.vcf_pipeline.filter_vcf: [gen3_vcf_chr17.vcf.gz] filtrato con successo -> /mnt/cresla_prod/genome_datasets/gen3/vcf_filtered/gen3_vcf_chr17_filtered.vcf
2026-07-10 07:56:57 [INFO] [pid=3448666] gene_environment.vcf_pipeline.filter_vcf: [gen2_vcf_chr11.vcf.gz] filtrato con successo -> /mnt/cresla_prod/genome_datasets/gen2/vcf_filtered/gen2_vcf_chr11_filtered.vcf
2026-07-10 07:56:57 [INFO] [pid=3448670] gene_environment.vcf_pipeline.filter_vcf: [gen3_vcf_chr15.vcf.gz] filtrato con successo -> /mnt/cresla_prod/genome_datasets/gen3/vcf_filtered/gen3_vcf_chr15_filtered.vcf
2026-07-10 07:56:57 [INFO] [pid=3448670] gene_environment.vcf_pipeline.filter_vcf: [gen3_vcf_chr3_selected.vcf.gz] filtrato con successo -> /mnt/cresla_prod/genome_datasets/gen3/vcf_filtered/gen3_vcf_chr3_selected_filtered.vcf
2026-07-10 07:56:59 [INFO] [pid=3448668] gene_environment.vcf_pipeline.filter_vcf: [gen3_vcf_chr22.vcf.gz] filtrato con successo -> /mnt/cresla_prod/genome_datasets/gen3/vcf_filtered/gen3_vcf_chr22_filtered.vcf
2026-07-10 07:56:59 [INFO] [pid=3448655] gene_environment.vcf_pipeline.filter_vcf: [gen3_vcf_chr18.vcf.gz] filtrato con successo -> /mnt/cresla_prod/genome_datasets/gen3/vcf_filtered/gen3_vcf_chr18_filtered.vcf
2026-07-10 07:56:59 [INFO] [pid=3448655] gene_environment.vcf_pipeline.filter_vcf: [gen3_vcf_chr9_selected.vcf.gz] filtrato con successo -> /mnt/cresla_prod/genome_datasets/gen3/vcf_filtered/gen3_vcf_chr9_selected_filtered.vcf
2026-07-10 07:57:06 [INFO] [pid=3448667] gene_environment.vcf_pipeline.filter_vcf: [gen3_vcf_chr13.vcf.gz] filtrato con successo -> /mnt/cresla_prod/genome_datasets/gen3/vcf_filtered/gen3_vcf_chr13_filtered.vcf
2026-07-10 07:57:06 [INFO] [pid=3448655] gene_environment.vcf_pipeline.filter_vcf: [gen3_vcf_chr19.vcf.gz] filtrato con successo -> /mnt/cresla_prod/genome_datasets/gen3/vcf_filtered/gen3_vcf_chr19_filtered.vcf
2026-07-10 07:57:06 [INFO] [pid=3448655] gene_environment.vcf_pipeline.filter_vcf: [gen3_vcf_chr4_selected.vcf.gz] filtrato con successo -> /mnt/cresla_prod/genome_datasets/gen3/vcf_filtered/gen3_vcf_chr4_selected_filtered.vcf
2026-07-10 07:57:07 [INFO] [pid=3448655] gene_environment.vcf_pipeline.filter_vcf: [gen3_vcf_chr13_selected.vcf.gz] filtrato con successo -> /mnt/cresla_prod/genome_datasets/gen3/vcf_filtered/gen3_vcf_chr13_selected_filtered.vcf
2026-07-10 07:57:07 [INFO] [pid=3448668] gene_environment.vcf_pipeline.filter_vcf: [gen3_vcf_chr16.vcf.gz] filtrato con successo -> /mnt/cresla_prod/genome_datasets/gen3/vcf_filtered/gen3_vcf_chr16_filtered.vcf
2026-07-10 07:57:08 [INFO] [pid=3448669] gene_environment.vcf_pipeline.filter_vcf: [gen2_vcf_chr2.vcf.gz] filtrato con successo -> /mnt/cresla_prod/genome_datasets/gen2/vcf_filtered/gen2_vcf_chr2_filtered.vcf
2026-07-10 07:57:08 [INFO] [pid=3448665] gene_environment.vcf_pipeline.filter_vcf: [gen1_onlycases_vcf_chr1.vcf.gz] filtrato con successo -> /mnt/cresla_prod/genome_datasets/gen1/vcf_filtered/gen1_onlycases_vcf_chr1_filtered.vcf
2026-07-10 07:57:09 [INFO] [pid=3448664] gene_environment.vcf_pipeline.filter_vcf: [gen2_vcf_chr6.vcf.gz] filtrato con successo -> /mnt/cresla_prod/genome_datasets/gen2/vcf_filtered/gen2_vcf_chr6_filtered.vcf
2026-07-10 07:57:09 [INFO] [pid=3448664] gene_environment.vcf_pipeline.filter_vcf: [gen3_vcf_chr22_selected.vcf.gz] filtrato con successo -> /mnt/cresla_prod/genome_datasets/gen3/vcf_filtered/gen3_vcf_chr22_selected_filtered.vcf
2026-07-10 07:57:10 [INFO] [pid=3448664] gene_environment.vcf_pipeline.filter_vcf: [gen3_vcf_chr15_selected.vcf.gz] filtrato con successo -> /mnt/cresla_prod/genome_datasets/gen3/vcf_filtered/gen3_vcf_chr15_selected_filtered.vcf
2026-07-10 07:57:11 [INFO] [pid=3448670] gene_environment.vcf_pipeline.filter_vcf: [gen3_vcf_chr5.vcf.gz] filtrato con successo -> /mnt/cresla_prod/genome_datasets/gen3/vcf_filtered/gen3_vcf_chr5_filtered.vcf
2026-07-10 07:57:11 [INFO] [pid=3448670] gene_environment.vcf_pipeline.filter_vcf: [gen3_vcf_chr14_selected.vcf.gz] filtrato con successo -> /mnt/cresla_prod/genome_datasets/gen3/vcf_filtered/gen3_vcf_chr14_selected_filtered.vcf
2026-07-10 07:57:11 [INFO] [pid=3448670] gene_environment.vcf_pipeline.filter_vcf: [gen3_vcf_chr6_selected.vcf.gz] filtrato con successo -> /mnt/cresla_prod/genome_datasets/gen3/vcf_filtered/gen3_vcf_chr6_selected_filtered.vcf
2026-07-10 07:57:12 [INFO] [pid=3448670] gene_environment.vcf_pipeline.filter_vcf: [gen3_vcf_chr18_selected.vcf.gz] filtrato con successo -> /mnt/cresla_prod/genome_datasets/gen3/vcf_filtered/gen3_vcf_chr18_selected_filtered.vcf
2026-07-10 07:57:12 [INFO] [pid=3448658] gene_environment.vcf_pipeline.filter_vcf: [gen2_vcf_chr12.vcf.gz] filtrato con successo -> /mnt/cresla_prod/genome_datasets/gen2/vcf_filtered/gen2_vcf_chr12_filtered.vcf
2026-07-10 07:57:12 [INFO] [pid=3448658] gene_environment.vcf_pipeline.filter_vcf: [gen3_vcf_chr8_selected.vcf.gz] filtrato con successo -> /mnt/cresla_prod/genome_datasets/gen3/vcf_filtered/gen3_vcf_chr8_selected_filtered.vcf
2026-07-10 07:57:12 [INFO] [pid=3448656] gene_environment.vcf_pipeline.filter_vcf: [gen3_vcf_chr1.vcf.gz] filtrato con successo -> /mnt/cresla_prod/genome_datasets/gen3/vcf_filtered/gen3_vcf_chr1_filtered.vcf
2026-07-10 07:57:13 [INFO] [pid=3448667] gene_environment.vcf_pipeline.filter_vcf: [gen3_vcf_chr14.vcf.gz] filtrato con successo -> /mnt/cresla_prod/genome_datasets/gen3/vcf_filtered/gen3_vcf_chr14_filtered.vcf
2026-07-10 07:57:13 [INFO] [pid=3448667] gene_environment.vcf_pipeline.filter_vcf: [gen3_vcf_chr1_selected.vcf.gz] filtrato con successo -> /mnt/cresla_prod/genome_datasets/gen3/vcf_filtered/gen3_vcf_chr1_selected_filtered.vcf
2026-07-10 07:57:13 [INFO] [pid=3448667] gene_environment.vcf_pipeline.filter_vcf: [gen3_vcf_chr17_selected.vcf.gz] filtrato con successo -> /mnt/cresla_prod/genome_datasets/gen3/vcf_filtered/gen3_vcf_chr17_selected_filtered.vcf
2026-07-10 07:57:13 [INFO] [pid=3448655] gene_environment.vcf_pipeline.filter_vcf: [gen3_vcf_chr20.vcf.gz] filtrato con successo -> /mnt/cresla_prod/genome_datasets/gen3/vcf_filtered/gen3_vcf_chr20_filtered.vcf
2026-07-10 07:57:13 [INFO] [pid=3448667] gene_environment.vcf_pipeline.filter_vcf: [gen3_vcf_chr10_selected.vcf.gz] filtrato con successo -> /mnt/cresla_prod/genome_datasets/gen3/vcf_filtered/gen3_vcf_chr10_selected_filtered.vcf
2026-07-10 07:57:13 [INFO] [pid=3448655] gene_environment.vcf_pipeline.filter_vcf: [gen3_vcf_chr12_selected.vcf.gz] filtrato con successo -> /mnt/cresla_prod/genome_datasets/gen3/vcf_filtered/gen3_vcf_chr12_selected_filtered.vcf
2026-07-10 07:57:14 [INFO] [pid=3448655] gene_environment.vcf_pipeline.filter_vcf: [gen3_vcf_chr2_selected.vcf.gz] filtrato con successo -> /mnt/cresla_prod/genome_datasets/gen3/vcf_filtered/gen3_vcf_chr2_selected_filtered.vcf
2026-07-10 07:57:15 [INFO] [pid=3448666] gene_environment.vcf_pipeline.filter_vcf: [gen3_vcf_chr2.vcf.gz] filtrato con successo -> /mnt/cresla_prod/genome_datasets/gen3/vcf_filtered/gen3_vcf_chr2_filtered.vcf
2026-07-10 07:57:15 [INFO] [pid=3448660] gene_environment.vcf_pipeline.filter_vcf: [gen2_vcf_chr3.vcf.gz] filtrato con successo -> /mnt/cresla_prod/genome_datasets/gen2/vcf_filtered/gen2_vcf_chr3_filtered.vcf
2026-07-10 07:57:18 [INFO] [pid=3448665] gene_environment.vcf_pipeline.filter_vcf: [gen3_vcf_chr9.vcf.gz] filtrato con successo -> /mnt/cresla_prod/genome_datasets/gen3/vcf_filtered/gen3_vcf_chr9_filtered.vcf
2026-07-10 07:57:19 [INFO] [pid=3448668] gene_environment.vcf_pipeline.filter_vcf: [gen3_vcf_chr7.vcf.gz] filtrato con successo -> /mnt/cresla_prod/genome_datasets/gen3/vcf_filtered/gen3_vcf_chr7_filtered.vcf
2026-07-10 07:57:19 [INFO] [pid=3448664] gene_environment.vcf_pipeline.filter_vcf: [gen3_vcf_chr8.vcf.gz] filtrato con successo -> /mnt/cresla_prod/genome_datasets/gen3/vcf_filtered/gen3_vcf_chr8_filtered.vcf
2026-07-10 07:57:21 [INFO] [pid=3448658] gene_environment.vcf_pipeline.filter_vcf: [gen3_vcf_chr12.vcf.gz] filtrato con successo -> /mnt/cresla_prod/genome_datasets/gen3/vcf_filtered/gen3_vcf_chr12_filtered.vcf
2026-07-10 07:57:21 [INFO] [pid=3448670] gene_environment.vcf_pipeline.filter_vcf: [gen3_vcf_chr10.vcf.gz] filtrato con successo -> /mnt/cresla_prod/genome_datasets/gen3/vcf_filtered/gen3_vcf_chr10_filtered.vcf
2026-07-10 07:57:21 [INFO] [pid=3448656] gene_environment.vcf_pipeline.filter_vcf: [gen3_vcf_chr11.vcf.gz] filtrato con successo -> /mnt/cresla_prod/genome_datasets/gen3/vcf_filtered/gen3_vcf_chr11_filtered.vcf
2026-07-10 07:57:21 [INFO] [pid=3448669] gene_environment.vcf_pipeline.filter_vcf: [gen3_vcf_chr3.vcf.gz] filtrato con successo -> /mnt/cresla_prod/genome_datasets/gen3/vcf_filtered/gen3_vcf_chr3_filtered.vcf
2026-07-10 07:57:23 [INFO] [pid=3448663] gene_environment.vcf_pipeline.filter_vcf: [gen1_onlycases_vcf_chr7.vcf.gz] filtrato con successo -> /mnt/cresla_prod/genome_datasets/gen1/vcf_filtered/gen1_onlycases_vcf_chr7_filtered.vcf
2026-07-10 07:57:24 [INFO] [pid=3448667] gene_environment.vcf_pipeline.filter_vcf: [gen3_vcf_chr4.vcf.gz] filtrato con successo -> /mnt/cresla_prod/genome_datasets/gen3/vcf_filtered/gen3_vcf_chr4_filtered.vcf
2026-07-10 07:57:25 [INFO] [pid=3448662] gene_environment.vcf_pipeline.filter_vcf: [gen2_vcf_chr1.vcf.gz] filtrato con successo -> /mnt/cresla_prod/genome_datasets/gen2/vcf_filtered/gen2_vcf_chr1_filtered.vcf
2026-07-10 07:57:29 [INFO] [pid=3448657] gene_environment.vcf_pipeline.filter_vcf: [gen1_onlycases_vcf_chr5.vcf.gz] filtrato con successo -> /mnt/cresla_prod/genome_datasets/gen1/vcf_filtered/gen1_onlycases_vcf_chr5_filtered.vcf
2026-07-10 07:57:31 [INFO] [pid=3448659] gene_environment.vcf_pipeline.filter_vcf: [gen1_onlycases_vcf_chr2.vcf.gz] filtrato con successo -> /mnt/cresla_prod/genome_datasets/gen1/vcf_filtered/gen1_onlycases_vcf_chr2_filtered.vcf
2026-07-10 07:57:41 [INFO] [pid=3448661] gene_environment.vcf_pipeline.filter_vcf: [gen1_onlycases_vcf_chr4.vcf.gz] filtrato con successo -> /mnt/cresla_prod/genome_datasets/gen1/vcf_filtered/gen1_onlycases_vcf_chr4_filtered.vcf
2026-07-10 07:57:41 [INFO] [pid=3448654] gene_environment.vcf_pipeline.filter_vcf: Filtraggio VCF completato senza errori (110 file).


